# JRE version: OpenJDK Runtime Environment Temurin-21.0.10+7 (21.0.10+7) (build 21.0.10+7-LTS)
# Java VM: OpenJDK 64-Bit Server VM Temurin-21.0.10+7 (21.0.10+7-LTS, mixed mode, sharing, tiered, compressed oops, compressed class ptrs, parallel gc, windows-amd64)
GC Precious Log:
 CardTable entry size: 512
 CPUs: 4 total, 4 available
 Memory: 16263M
 Large Page Support: Disabled
 NUMA Support: Disabled
 Compressed Oops: Enabled (32-bit)
 Alignments: Space 512K, Generation 512K, Heap 2M
 Heap Min Capacity: 100M
 Heap Initial Capacity: 100M
 Heap Max Capacity: 2G
 Pre-touch: Disabled
 Parallel Workers: 4
Heap:
 PSYoungGen      total 8192K, used 7121K [0x00000000d5580000, 0x00000000d5f80000, 0x0000000100000000)
  eden space 6144K, 100% used [0x00000000d5580000,0x00000000d5b80000,0x00000000d5b80000)
  from space 2048K, 47% used [0x00000000d5c00000,0x00000000d5cf4690,0x00000000d5e00000)
  to   space 1536K, 99% used [0x00000000d5e00000,0x00000000d5f7c690,0x00000000d5f80000)
 ParOldGen       total 757248K, used 756741K [0x0000000080000000, 0x00000000ae380000, 0x00000000d5580000)
  object space 757248K, 99% used [0x0000000080000000,0x00000000ae301750,0x00000000ae380000)
 Metaspace       used 99720K, committed 101568K, reserved 1179648K
  class space    used 9985K, committed 10880K, reserved 1048576K
GC Heap History (20 events):
Event: 1122.476 GC heap after
{Heap after GC invocations=4687 (full 8):
 PSYoungGen      total 7680K, used 1043K [0x00000000d5580000, 0x00000000d6100000, 0x0000000100000000)
  eden space 6144K, 0% used [0x00000000d5580000,0x00000000d5580000,0x00000000d5b80000)
  from space 1536K, 67% used [0x00000000d5f80000,0x00000000d6084c50,0x00000000d6100000)
  to   space 2048K, 0% used [0x00000000d5d00000,0x00000000d5d00000,0x00000000d5f00000)
 ParOldGen       total 736256K, used 736012K [0x0000000080000000, 0x00000000acf00000, 0x00000000d5580000)
  object space 736256K, 99% used [0x0000000080000000,0x00000000acec31c8,0x00000000acf00000)
 Metaspace       used 99697K, committed 101568K, reserved 1179648K
  class space    used 9985K, committed 10880K, reserved 1048576K
}
Event: 1122.491 GC heap before
{Heap before GC invocations=4688 (full 8):
 PSYoungGen      total 7680K, used 7187K [0x00000000d5580000, 0x00000000d6100000, 0x0000000100000000)
  eden space 6144K, 100% used [0x00000000d5580000,0x00000000d5b80000,0x00000000d5b80000)
  from space 1536K, 67% used [0x00000000d5f80000,0x00000000d6084c50,0x00000000d6100000)
  to   space 2048K, 0% used [0x00000000d5d00000,0x00000000d5d00000,0x00000000d5f00000)
 ParOldGen       total 736256K, used 736012K [0x0000000080000000, 0x00000000acf00000, 0x00000000d5580000)
  object space 736256K, 99% used [0x0000000080000000,0x00000000acec31c8,0x00000000acf00000)
 Metaspace       used 99697K, committed 101568K, reserved 1179648K
  class space    used 9985K, committed 10880K, reserved 1048576K
}
Event: 1122.493 GC heap after
{Heap after GC invocations=4688 (full 8):
 PSYoungGen      total 8192K, used 2025K [0x00000000d5580000, 0x00000000d6980000, 0x0000000100000000)
  eden space 6144K, 0% used [0x00000000d5580000,0x00000000d5580000,0x00000000d5b80000)
  from space 2048K, 98% used [0x00000000d5d00000,0x00000000d5efa500,0x00000000d5f00000)
  to   space 7168K, 0% used [0x00000000d6280000,0x00000000d6280000,0x00000000d6980000)
 ParOldGen       total 740352K, used 740054K [0x0000000080000000, 0x00000000ad300000, 0x00000000d5580000)
  object space 740352K, 99% used [0x0000000080000000,0x00000000ad2b5870,0x00000000ad300000)
 Metaspace       used 99697K, committed 101568K, reserved 1179648K
  class space    used 9985K, committed 10880K, reserved 1048576K
}
Event: 1122.502 GC heap before
{Heap before GC invocations=4689 (full 8):
 PSYoungGen      total 8192K, used 8169K [0x00000000d5580000, 0x00000000d6980000, 0x0000000100000000)
  eden space 6144K, 100% used [0x00000000d5580000,0x00000000d5b80000,0x00000000d5b80000)
  from space 2048K, 98% used [0x00000000d5d00000,0x00000000d5efa500,0x00000000d5f00000)
  to   space 7168K, 0% used [0x00000000d6280000,0x00000000d6280000,0x00000000d6980000)
 ParOldGen       total 740352K, used 740054K [0x0000000080000000, 0x00000000ad300000, 0x00000000d5580000)
  object space 740352K, 99% used [0x0000000080000000,0x00000000ad2b5870,0x00000000ad300000)
 Metaspace       used 99697K, committed 101568K, reserved 1179648K
  class space    used 9985K, committed 10880K, reserved 1048576K
}
Event: 1122.505 GC heap after
{Heap after GC invocations=4689 (full 8):
 PSYoungGen      total 8192K, used 1719K [0x00000000d5580000, 0x00000000d6480000, 0x0000000100000000)
  eden space 6144K, 0% used [0x00000000d5580000,0x00000000d5580000,0x00000000d5b80000)
  from space 2048K, 83% used [0x00000000d6280000,0x00000000d642dd20,0x00000000d6480000)
  to   space 3584K, 0% used [0x00000000d5d80000,0x00000000d5d80000,0x00000000d6100000)
 ParOldGen       total 742400K, used 742070K [0x0000000080000000, 0x00000000ad500000, 0x00000000d5580000)
  object space 742400K, 99% used [0x0000000080000000,0x00000000ad4ada08,0x00000000ad500000)
 Metaspace       used 99697K, committed 101568K, reserved 1179648K
  class space    used 9985K, committed 10880K, reserved 1048576K
}
Event: 1122.681 GC heap before
{Heap before GC invocations=4690 (full 8):
 PSYoungGen      total 8192K, used 7863K [0x00000000d5580000, 0x00000000d6480000, 0x0000000100000000)
  eden space 6144K, 99% used [0x00000000d5580000,0x00000000d5b7ffe8,0x00000000d5b80000)
  from space 2048K, 83% used [0x00000000d6280000,0x00000000d642dd20,0x00000000d6480000)
  to   space 3584K, 0% used [0x00000000d5d80000,0x00000000d5d80000,0x00000000d6100000)
 ParOldGen       total 742400K, used 742070K [0x0000000080000000, 0x00000000ad500000, 0x00000000d5580000)
  object space 742400K, 99% used [0x0000000080000000,0x00000000ad4ada08,0x00000000ad500000)
 Metaspace       used 99697K, committed 101568K, reserved 1179648K
  class space    used 9985K, committed 10880K, reserved 1048576K
}
Event: 1122.683 GC heap after
{Heap after GC invocations=4690 (full 8):
 PSYoungGen      total 9728K, used 820K [0x00000000d5580000, 0x00000000d6300000, 0x0000000100000000)
  eden space 6144K, 0% used [0x00000000d5580000,0x00000000d5580000,0x00000000d5b80000)
  from space 3584K, 22% used [0x00000000d5d80000,0x00000000d5e4d200,0x00000000d6100000)
  to   space 1536K, 0% used [0x00000000d6180000,0x00000000d6180000,0x00000000d6300000)
 ParOldGen       total 743424K, used 743030K [0x0000000080000000, 0x00000000ad600000, 0x00000000d5580000)
  object space 743424K, 99% used [0x0000000080000000,0x00000000ad59da28,0x00000000ad600000)
 Metaspace       used 99697K, committed 101568K, reserved 1179648K
  class space    used 9985K, committed 10880K, reserved 1048576K
}
Event: 1122.690 GC heap before
{Heap before GC invocations=4691 (full 8):
 PSYoungGen      total 9728K, used 6964K [0x00000000d5580000, 0x00000000d6300000, 0x0000000100000000)
  eden space 6144K, 100% used [0x00000000d5580000,0x00000000d5b80000,0x00000000d5b80000)
  from space 3584K, 22% used [0x00000000d5d80000,0x00000000d5e4d200,0x00000000d6100000)
  to   space 1536K, 0% used [0x00000000d6180000,0x00000000d6180000,0x00000000d6300000)
 ParOldGen       total 743424K, used 743030K [0x0000000080000000, 0x00000000ad600000, 0x00000000d5580000)
  object space 743424K, 99% used [0x0000000080000000,0x00000000ad59da28,0x00000000ad600000)
 Metaspace       used 99697K, committed 101568K, reserved 1179648K
  class space    used 9985K, committed 10880K, reserved 1048576K
}
Event: 1122.692 GC heap after
{Heap after GC invocations=4691 (full 8):
 PSYoungGen      total 7168K, used 916K [0x00000000d5580000, 0x00000000d6280000, 0x0000000100000000)
  eden space 6144K, 0% used [0x00000000d5580000,0x00000000d5580000,0x00000000d5b80000)
  from space 1024K, 89% used [0x00000000d6180000,0x00000000d6265220,0x00000000d6280000)
  to   space 1024K, 0% used [0x00000000d6080000,0x00000000d6080000,0x00000000d6180000)
 ParOldGen       total 743936K, used 743739K [0x0000000080000000, 0x00000000ad680000, 0x00000000d5580000)
  object space 743936K, 99% used [0x0000000080000000,0x00000000ad64ec38,0x00000000ad680000)
 Metaspace       used 99697K, committed 101568K, reserved 1179648K
  class space    used 9985K, committed 10880K, reserved 1048576K
}
Event: 1122.973 GC heap before
{Heap before GC invocations=4692 (full 8):
 PSYoungGen      total 7168K, used 7060K [0x00000000d5580000, 0x00000000d6280000, 0x0000000100000000)
  eden space 6144K, 100% used [0x00000000d5580000,0x00000000d5b80000,0x00000000d5b80000)
  from space 1024K, 89% used [0x00000000d6180000,0x00000000d6265220,0x00000000d6280000)
  to   space 1024K, 0% used [0x00000000d6080000,0x00000000d6080000,0x00000000d6180000)
 ParOldGen       total 743936K, used 743739K [0x0000000080000000, 0x00000000ad680000, 0x00000000d5580000)
  object space 743936K, 99% used [0x0000000080000000,0x00000000ad64ec38,0x00000000ad680000)
 Metaspace       used 99715K, committed 101568K, reserved 1179648K
  class space    used 9985K, committed 10880K, reserved 1048576K
}
Event: 1122.975 GC heap after
{Heap after GC invocations=4692 (full 8):
 PSYoungGen      total 7168K, used 564K [0x00000000d5580000, 0x00000000d6200000, 0x0000000100000000)
  eden space 6144K, 0% used [0x00000000d5580000,0x00000000d5580000,0x00000000d5b80000)
  from space 1024K, 55% used [0x00000000d6080000,0x00000000d610d200,0x00000000d6180000)
  to   space 512K, 0% used [0x00000000d6180000,0x00000000d6180000,0x00000000d6200000)
 ParOldGen       total 744960K, used 744567K [0x0000000080000000, 0x00000000ad780000, 0x00000000d5580000)
  object space 744960K, 99% used [0x0000000080000000,0x00000000ad71de68,0x00000000ad780000)
 Metaspace       used 99715K, committed 101568K, reserved 1179648K
  class space    used 9985K, committed 10880K, reserved 1048576K
}
Event: 1122.990 GC heap before
{Heap before GC invocations=4693 (full 8):
 PSYoungGen      total 7168K, used 6683K [0x00000000d5580000, 0x00000000d6200000, 0x0000000100000000)
  eden space 6144K, 99% used [0x00000000d5580000,0x00000000d5b79c08,0x00000000d5b80000)
  from space 1024K, 55% used [0x00000000d6080000,0x00000000d610d200,0x00000000d6180000)
  to   space 512K, 0% used [0x00000000d6180000,0x00000000d6180000,0x00000000d6200000)
 ParOldGen       total 744960K, used 744567K [0x0000000080000000, 0x00000000ad780000, 0x00000000d5580000)
  object space 744960K, 99% used [0x0000000080000000,0x00000000ad71de68,0x00000000ad780000)
 Metaspace       used 99715K, committed 101568K, reserved 1179648K
  class space    used 9985K, committed 10880K, reserved 1048576K
}
Event: 1122.992 GC heap after
{Heap after GC invocations=4693 (full 8):
 PSYoungGen      total 6656K, used 508K [0x00000000d5580000, 0x00000000d6780000, 0x0000000100000000)
  eden space 6144K, 0% used [0x00000000d5580000,0x00000000d5580000,0x00000000d5b80000)
  from space 512K, 99% used [0x00000000d6180000,0x00000000d61ff2c8,0x00000000d6200000)
  to   space 6144K, 0% used [0x00000000d5b80000,0x00000000d5b80000,0x00000000d6180000)
 ParOldGen       total 749568K, used 749144K [0x0000000080000000, 0x00000000adc00000, 0x00000000d5580000)
  object space 749568K, 99% used [0x0000000080000000,0x00000000adb96348,0x00000000adc00000)
 Metaspace       used 99715K, committed 101568K, reserved 1179648K
  class space    used 9985K, committed 10880K, reserved 1048576K
}
Event: 1123.003 GC heap before
{Heap before GC invocations=4694 (full 8):
 PSYoungGen      total 6656K, used 6652K [0x00000000d5580000, 0x00000000d6780000, 0x0000000100000000)
  eden space 6144K, 100% used [0x00000000d5580000,0x00000000d5b80000,0x00000000d5b80000)
  from space 512K, 99% used [0x00000000d6180000,0x00000000d61ff2c8,0x00000000d6200000)
  to   space 6144K, 0% used [0x00000000d5b80000,0x00000000d5b80000,0x00000000d6180000)
 ParOldGen       total 749568K, used 749144K [0x0000000080000000, 0x00000000adc00000, 0x00000000d5580000)
  object space 749568K, 99% used [0x0000000080000000,0x00000000adb96348,0x00000000adc00000)
 Metaspace       used 99715K, committed 101568K, reserved 1179648K
  class space    used 9985K, committed 10880K, reserved 1048576K
}
Event: 1123.004 GC heap after
{Heap after GC invocations=4694 (full 8):
 PSYoungGen      total 9216K, used 2712K [0x00000000d5580000, 0x00000000d6280000, 0x0000000100000000)
  eden space 6144K, 0% used [0x00000000d5580000,0x00000000d5580000,0x00000000d5b80000)
  from space 3072K, 88% used [0x00000000d5b80000,0x00000000d5e260f8,0x00000000d5e80000)
  to   space 3584K, 0% used [0x00000000d5f00000,0x00000000d5f00000,0x00000000d6280000)
 ParOldGen       total 750080K, used 749663K [0x0000000080000000, 0x00000000adc80000, 0x00000000d5580000)
  object space 750080K, 99% used [0x0000000080000000,0x00000000adc17e70,0x00000000adc80000)
 Metaspace       used 99715K, committed 101568K, reserved 1179648K
  class space    used 9985K, committed 10880K, reserved 1048576K
}
Event: 1123.121 GC heap before
{Heap before GC invocations=4695 (full 8):
 PSYoungGen      total 9216K, used 8856K [0x00000000d5580000, 0x00000000d6280000, 0x0000000100000000)
  eden space 6144K, 100% used [0x00000000d5580000,0x00000000d5b80000,0x00000000d5b80000)
  from space 3072K, 88% used [0x00000000d5b80000,0x00000000d5e260f8,0x00000000d5e80000)
  to   space 3584K, 0% used [0x00000000d5f00000,0x00000000d5f00000,0x00000000d6280000)
 ParOldGen       total 750080K, used 749663K [0x0000000080000000, 0x00000000adc80000, 0x00000000d5580000)
  object space 750080K, 99% used [0x0000000080000000,0x00000000adc17e70,0x00000000adc80000)
 Metaspace       used 99716K, committed 101568K, reserved 1179648K
  class space    used 9985K, committed 10880K, reserved 1048576K
}
Event: 1123.123 GC heap after
{Heap after GC invocations=4695 (full 8):
 PSYoungGen      total 7168K, used 842K [0x00000000d5580000, 0x00000000d6000000, 0x0000000100000000)
  eden space 6144K, 0% used [0x00000000d5580000,0x00000000d5580000,0x00000000d5b80000)
  from space 1024K, 82% used [0x00000000d5f00000,0x00000000d5fd2910,0x00000000d6000000)
  to   space 2048K, 0% used [0x00000000d5c00000,0x00000000d5c00000,0x00000000d5e00000)
 ParOldGen       total 750592K, used 750551K [0x0000000080000000, 0x00000000add00000, 0x00000000d5580000)
  object space 750592K, 99% used [0x0000000080000000,0x00000000adcf5e70,0x00000000add00000)
 Metaspace       used 99716K, committed 101568K, reserved 1179648K
  class space    used 9985K, committed 10880K, reserved 1048576K
}
Event: 1123.405 GC heap before
{Heap before GC invocations=4696 (full 8):
 PSYoungGen      total 7168K, used 6770K [0x00000000d5580000, 0x00000000d6000000, 0x0000000100000000)
  eden space 6144K, 96% used [0x00000000d5580000,0x00000000d5b4a100,0x00000000d5b80000)
  from space 1024K, 82% used [0x00000000d5f00000,0x00000000d5fd2910,0x00000000d6000000)
  to   space 2048K, 0% used [0x00000000d5c00000,0x00000000d5c00000,0x00000000d5e00000)
 ParOldGen       total 750592K, used 750551K [0x0000000080000000, 0x00000000add00000, 0x00000000d5580000)
  object space 750592K, 99% used [0x0000000080000000,0x00000000adcf5e70,0x00000000add00000)
 Metaspace       used 99720K, committed 101568K, reserved 1179648K
  class space    used 9985K, committed 10880K, reserved 1048576K
}
Event: 1123.408 GC heap after
{Heap after GC invocations=4696 (full 8):
 PSYoungGen      total 8192K, used 977K [0x00000000d5580000, 0x00000000d5f80000, 0x0000000100000000)
  eden space 6144K, 0% used [0x00000000d5580000,0x00000000d5580000,0x00000000d5b80000)
  from space 2048K, 47% used [0x00000000d5c00000,0x00000000d5cf4690,0x00000000d5e00000)
  to   space 1536K, 0% used [0x00000000d5e00000,0x00000000d5e00000,0x00000000d5f80000)
 ParOldGen       total 751616K, used 751332K [0x0000000080000000, 0x00000000ade00000, 0x00000000d5580000)
  object space 751616K, 99% used [0x0000000080000000,0x00000000addb9090,0x00000000ade00000)
 Metaspace       used 99720K, committed 101568K, reserved 1179648K
  class space    used 9985K, committed 10880K, reserved 1048576K
}
Event: 1123.421 GC heap before
{Heap before GC invocations=4697 (full 8):
 PSYoungGen      total 8192K, used 7121K [0x00000000d5580000, 0x00000000d5f80000, 0x0000000100000000)
  eden space 6144K, 100% used [0x00000000d5580000,0x00000000d5b80000,0x00000000d5b80000)
  from space 2048K, 47% used [0x00000000d5c00000,0x00000000d5cf4690,0x00000000d5e00000)
  to   space 1536K, 0% used [0x00000000d5e00000,0x00000000d5e00000,0x00000000d5f80000)
 ParOldGen       total 751616K, used 751332K [0x0000000080000000, 0x00000000ade00000, 0x00000000d5580000)
  object space 751616K, 99% used [0x0000000080000000,0x00000000addb9090,0x00000000ade00000)
 Metaspace       used 99720K, committed 101568K, reserved 1179648K
  class space    used 9985K, committed 10880K, reserved 1048576K
}

